<?xml version="1.0" encoding="UTF-8" standalone="yes"?>
<!DOCTYPE report PUBLIC "-//JACOCO//DTD Report 1.1//EN" "report.dtd">
<report name="JaCoCo Coverage Report">
	<sessioninfo id="LAPTOP-DCDHE801-5c9b96f2" start="1748963467224" dump="1748963467367"/>
	<package name="">
		<class name="Example" sourcefilename="Example.java">
			<method name="&lt;init&gt;" desc="()V" line="1">
				<counter type="INSTRUCTION" missed="3" covered="0"/>
				<counter type="LINE" missed="1" covered="0"/>
				<counter type="COMPLEXITY" missed="1" covered="0"/>
				<counter type="METHOD" missed="1" covered="0"/>
			</method>
			<method name="main" desc="([Ljava/lang/String;)V" line="3">
				<counter type="INSTRUCTION" missed="3" covered="9"/>
				<counter type="BRANCH" missed="1" covered="1"/>
				<counter type="LINE" missed="1" covered="3"/>
				<counter type="COMPLEXITY" missed="1" covered="1"/>
				<counter type="METHOD" missed="0" covered="1"/>
			</method>
			<method name="greet" desc="(Ljava/lang/String;)V" line="11">
				<counter type="INSTRUCTION" missed="7" covered="13"/>
				<counter type="BRANCH" missed="2" covered="2"/>
				<counter type="LINE" missed="2" covered="4"/>
				<counter type="COMPLEXITY" missed="2" covered="1"/>
				<counter type="METHOD" missed="0" covered="1"/>
			</method>
			<counter type="INSTRUCTION" missed="13" covered="22"/>
			<counter type="BRANCH" missed="3" covered="3"/>
			<counter type="LINE" missed="4" covered="7"/>
			<counter type="COMPLEXITY" missed="4" covered="2"/>
			<counter type="METHOD" missed="1" covered="2"/>
			<counter type="CLASS" missed="0" covered="1"/>
		</class>
		<sourcefile name="Example.java">
			<line nr="1" mi="3" ci="0" mb="0" cb="0"/>
			<line nr="3" mi="0" ci="3" mb="1" cb="1"/>
			<line nr="4" mi="0" ci="5" mb="0" cb="0"/>
			<line nr="6" mi="3" ci="0" mb="0" cb="0"/>
			<line nr="8" mi="0" ci="1" mb="0" cb="0"/>
			<line nr="11" mi="0" ci="4" mb="1" cb="1"/>
			<line nr="12" mi="4" ci="0" mb="0" cb="0"/>
			<line nr="13" mi="0" ci="4" mb="1" cb="1"/>
			<line nr="14" mi="0" ci="4" mb="0" cb="0"/>
			<line nr="16" mi="3" ci="0" mb="0" cb="0"/>
			<line nr="18" mi="0" ci="1" mb="0" cb="0"/>
			<counter type="INSTRUCTION" missed="13" covered="22"/>
			<counter type="BRANCH" missed="3" covered="3"/>
			<counter type="LINE" missed="4" covered="7"/>
			<counter type="COMPLEXITY" missed="4" covered="2"/>
			<counter type="METHOD" missed="1" covered="2"/>
			<counter type="CLASS" missed="0" covered="1"/>
		</sourcefile>
		<counter type="INSTRUCTION" missed="13" covered="22"/>
		<counter type="BRANCH" missed="3" covered="3"/>
		<counter type="LINE" missed="4" covered="7"/>
		<counter type="COMPLEXITY" missed="4" covered="2"/>
		<counter type="METHOD" missed="1" covered="2"/>
		<counter type="CLASS" missed="0" covered="1"/>
	</package>
	<counter type="INSTRUCTION" missed="13" covered="22"/>
	<counter type="BRANCH" missed="3" covered="3"/>
	<counter type="LINE" missed="4" covered="7"/>
	<counter type="COMPLEXITY" missed="4" covered="2"/>
	<counter type="METHOD" missed="1" covered="2"/>
	<counter type="CLASS" missed="0" covered="1"/>
</report>